<?xml version="1.0" encoding="UTF-8"?>
<testng-results ignored="0" total="1" passed="1" failed="0" skipped="0">
  <reporter-output>
  </reporter-output>
  <suite started-at="2021-09-24T01:58:08Z" name="Default suite" finished-at="2021-09-24T01:59:08Z" duration-ms="60240">
    <groups>
    </groups>
    <test started-at="2021-09-24T01:58:08Z" name="Default test" finished-at="2021-09-24T01:59:08Z" duration-ms="60240">
      <class name="com.Practice.project.automation_practice">
        <test-method is-config="true" signature="beforeTest()[pri:0, instance:com.Practice.project.automation_practice@4167d97b]" started-at="2021-09-24T01:58:08Z" name="beforeTest" finished-at="2021-09-24T01:59:01Z" duration-ms="53176" status="PASS">
          <reporter-output>
          </reporter-output>
        </test-method> <!-- beforeTest -->
        <test-method signature="table()[pri:1, instance:com.Practice.project.automation_practice@4167d97b]" started-at="2021-09-24T01:59:01Z" name="table" finished-at="2021-09-24T01:59:02Z" duration-ms="745" status="PASS">
          <reporter-output>
          </reporter-output>
        </test-method> <!-- table -->
        <test-method is-config="true" signature="afterTest()[pri:0, instance:com.Practice.project.automation_practice@4167d97b]" started-at="2021-09-24T01:59:02Z" name="afterTest" finished-at="2021-09-24T01:59:08Z" duration-ms="6296" status="PASS">
          <reporter-output>
          </reporter-output>
        </test-method> <!-- afterTest -->
      </class> <!-- com.Practice.project.automation_practice -->
    </test> <!-- Default test -->
  </suite> <!-- Default suite -->
</testng-results>
